<?xml version="1.0" encoding="UTF-8"?>
<testsuite name="IntegrationTest" tests="2" skipped="0" failures="0" errors="0" timestamp="2020-11-23T19:01:52" hostname="DESKTOP-VBTEUUJ" time="0.034">
  <properties/>
  <testcase name="RectangularMapTest" classname="IntegrationTest" time="0.02"/>
  <testcase name="GrassFieldTest" classname="IntegrationTest" time="0.014"/>
  <system-out><![CDATA[ y\x  0 1 2 3 4 5 6 7 8 9
  5: ---------------------
  4: | | | |^| | | | | | |
  3: | | |^| | | | | | | |
  2: | | | | | | | | | | |
  1: | | | | | | | | | | |
  0: | | | | | | | | | | |
 -1: ---------------------

 y\x  0 1 2 3 4 5 6 7 8 9
  5: ---------------------
  4: | | | | | | | | | | |
  3: | | |^|^| | | | | | |
  2: | | | | | | | | | | |
  1: | | | | | | | | | | |
  0: | | | | | | | | | | |
 -1: ---------------------

 y\x  0 1 2 3 4 5 6 7 8 9
  5: ---------------------
  4: | | | | | | | | | | |
  3: | | |>|^| | | | | | |
  2: | | | | | | | | | | |
  1: | | | | | | | | | | |
  0: | | | | | | | | | | |
 -1: ---------------------

 y\x  0 1 2 3 4 5 6 7 8 9
  5: ---------------------
  4: | | | | | | | | | | |
  3: | | |>|<| | | | | | |
  2: | | | | | | | | | | |
  1: | | | | | | | | | | |
  0: | | | | | | | | | | |
 -1: ---------------------

position(3,3)is occupied
 y\x  0 1 2 3 4 5 6 7 8 9
  5: ---------------------
  4: | | | | | | | | | | |
  3: | | |>|<| | | | | | |
  2: | | | | | | | | | | |
  1: | | | | | | | | | | |
  0: | | | | | | | | | | |
 -1: ---------------------

position(3,3)is occupied
 y\x  0 1 2 3 4 5 6 7 8 9
  5: ---------------------
  4: | | | | | | | | | | |
  3: | | |>|<| | | | | | |
  2: | | | | | | | | | | |
  1: | | | | | | | | | | |
  0: | | | | | | | | | | |
 -1: ---------------------

 y\x  0 1 2 3 4 5 6 7 8 9
  5: ---------------------
  4: | | | | | | | | | | |
  3: | | |v|<| | | | | | |
  2: | | | | | | | | | | |
  1: | | | | | | | | | | |
  0: | | | | | | | | | | |
 -1: ---------------------

 y\x  0 1 2 3 4 5 6 7 8 9
  5: ---------------------
  4: | | | | | | | | | | |
  3: | | |v|^| | | | | | |
  2: | | | | | | | | | | |
  1: | | | | | | | | | | |
  0: | | | | | | | | | | |
 -1: ---------------------

 y\x  0 1 2 3 4 5 6 7 8 9
  5: ---------------------
  4: | | | | | | | | | | |
  3: | | | |^| | | | | | |
  2: | | |v| | | | | | | |
  1: | | | | | | | | | | |
  0: | | | | | | | | | | |
 -1: ---------------------

 y\x  0 1 2 3 4 5 6 7 8 9
  5: ---------------------
  4: | | | |^| | | | | | |
  3: | | | | | | | | | | |
  2: | | |v| | | | | | | |
  1: | | | | | | | | | | |
  0: | | | | | | | | | | |
 -1: ---------------------

 y\x  0 1 2 3 4 5 6 7 8 9
  5: ---------------------
  4: | | | |^| | | | | | |
  3: | | | | | | | | | | |
  2: | | | | | | | | | | |
  1: | | |v| | | | | | | |
  0: | | | | | | | | | | |
 -1: ---------------------

 y\x  0 1 2 3 4 5 6 7 8 9
  5: ---------------------
  4: | | | | | | | | | | |
  3: | | | | | | | | | | |
  2: | | | | | | | | | | |
  1: | | |v| | | | | | | |
  0: | | | |^| | | | | | |
 -1: ---------------------

 y\x  0 1 2 3 4 5 6 7 8 9
  5: ---------------------
  4: | | | | | | | | | | |
  3: | | | | | | | | | | |
  2: | | | | | | | | | | |
  1: | | | | | | | | | | |
  0: | | |v|^| | | | | | |
 -1: ---------------------

 y\x  0 1 2 3 4 5 6 7 8 9
  5: ---------------------
  4: | | | | | | | | | | |
  3: | | | | | | | | | | |
  2: | | | | | | | | | | |
  1: | | | |^| | | | | | |
  0: | | |v| | | | | | | |
 -1: ---------------------

 y\x  0 1 2 3 4 5 6 7 8 9
  5: ---------------------
  4: | | |v| | | | | | | |
  3: | | | | | | | | | | |
  2: | | | | | | | | | | |
  1: | | | |^| | | | | | |
  0: | | | | | | | | | | |
 -1: ---------------------

 y\x  0 1 2 3 4 5 6 7 8 9
  5: ---------------------
  4: | | |v| | | | | | | |
  3: | | | | | | | | | | |
  2: | | | |^| | | | | | |
  1: | | | | | | | | | | |
  0: | | | | | | | | | | |
 -1: ---------------------

 y\x  0 1 2 3 4 5 6 7 8 9
  5: ---------------------
  4: | | | |^| |*| | | | |
  3: |*|*|^| | | | | | | |
  2: | | | | | | | | | |*|
  1: |*| | | | | | | |*| |
  0: | | |*| | |*|*|*| | |
 -1: ---------------------

 y\x  0 1 2 3 4 5 6 7 8 9
  5: ---------------------
  4: | | | | | |*| | | | |
  3: |*|*|^|^| | | | | | |
  2: | | | | | | | | | |*|
  1: |*| | | | | | | |*| |
  0: | | |*| | |*|*|*| | |
 -1: ---------------------

 y\x  0 1 2 3 4 5 6 7 8 9
  5: ---------------------
  4: | | | | | |*| | | | |
  3: |*|*|>|^| | | | | | |
  2: | | | | | | | | | |*|
  1: |*| | | | | | | |*| |
  0: | | |*| | |*|*|*| | |
 -1: ---------------------

 y\x  0 1 2 3 4 5 6 7 8 9
  5: ---------------------
  4: | | | | | |*| | | | |
  3: |*|*|>|<| | | | | | |
  2: | | | | | | | | | |*|
  1: |*| | | | | | | |*| |
  0: | | |*| | |*|*|*| | |
 -1: ---------------------

position(3,3)is occupied
 y\x  0 1 2 3 4 5 6 7 8 9
  5: ---------------------
  4: | | | | | |*| | | | |
  3: |*|*|>|<| | | | | | |
  2: | | | | | | | | | |*|
  1: |*| | | | | | | |*| |
  0: | | |*| | |*|*|*| | |
 -1: ---------------------

position(3,3)is occupied
 y\x  0 1 2 3 4 5 6 7 8 9
  5: ---------------------
  4: | | | | | |*| | | | |
  3: |*|*|>|<| | | | | | |
  2: | | | | | | | | | |*|
  1: |*| | | | | | | |*| |
  0: | | |*| | |*|*|*| | |
 -1: ---------------------

 y\x  0 1 2 3 4 5 6 7 8 9
  5: ---------------------
  4: | | | | | |*| | | | |
  3: |*|*|v|<| | | | | | |
  2: | | | | | | | | | |*|
  1: |*| | | | | | | |*| |
  0: | | |*| | |*|*|*| | |
 -1: ---------------------

 y\x  0 1 2 3 4 5 6 7 8 9
  5: ---------------------
  4: | | | | | |*| | | | |
  3: |*|*|v|^| | | | | | |
  2: | | | | | | | | | |*|
  1: |*| | | | | | | |*| |
  0: | | |*| | |*|*|*| | |
 -1: ---------------------

 y\x  0 1 2 3 4 5 6 7 8 9
  5: ---------------------
  4: | | | | | |*| | | | |
  3: |*|*| |^| | | | | | |
  2: | | |v| | | | | | |*|
  1: |*| | | | | | | |*| |
  0: | | |*| | |*|*|*| | |
 -1: ---------------------

 y\x  0 1 2 3 4 5 6 7 8 9
  5: ---------------------
  4: | | | |^| |*| | | | |
  3: |*|*| | | | | | | | |
  2: | | |v| | | | | | |*|
  1: |*| | | | | | | |*| |
  0: | | |*| | |*|*|*| | |
 -1: ---------------------

 y\x  0 1 2 3 4 5 6 7 8 9
  5: ---------------------
  4: | | | |^| |*| | | | |
  3: |*|*| | | | | | | | |
  2: | | | | | | | | | |*|
  1: |*| |v| | | | | |*| |
  0: | | |*| | |*|*|*| | |
 -1: ---------------------

 y\x  0 1 2 3 4 5 6 7 8 9
  5: ---------------------
  4: | | | | | |*| | | | |
  3: |*|*| | | | | | | | |
  2: | | | | | | | | | |*|
  1: |*| |v| | | | | |*| |
  0: | | |*|^| |*|*|*| | |
 -1: ---------------------

 y\x  0 1 2 3 4 5 6 7 8 9
  5: ---------------------
  4: | | | | | |*| | | | |
  3: |*|*| | | | | | | | |
  2: | | | | | | | | | |*|
  1: |*| | | | | | | |*| |
  0: | | |v|^| |*|*|*| | |
 -1: ---------------------

 y\x  0 1 2 3 4 5 6 7 8 9
  5: ---------------------
  4: | | | | | |*| | | | |
  3: |*|*| | | | | | | | |
  2: | | | | | | | | | |*|
  1: |*| | |^| | | | |*| |
  0: | | |v| | |*|*|*| | |
 -1: ---------------------

 y\x  0 1 2 3 4 5 6 7 8 9
  5: ---------------------
  4: | | |v| | |*| | | | |
  3: |*|*| | | | | | | | |
  2: | | | | | | | | | |*|
  1: |*| | |^| | | | |*| |
  0: | | |*| | |*|*|*| | |
 -1: ---------------------

 y\x  0 1 2 3 4 5 6 7 8 9
  5: ---------------------
  4: | | |v| | |*| | | | |
  3: |*|*| | | | | | | | |
  2: | | | |^| | | | | |*|
  1: |*| | | | | | | |*| |
  0: | | |*| | |*|*|*| | |
 -1: ---------------------

]]></system-out>
  <system-err><![CDATA[]]></system-err>
</testsuite>
